{"/home/cabox/workspace/favourites-spec.js":{"path":"/home/cabox/workspace/favourites-spec.js","s":{"1":1,"2":1,"3":1,"4":1,"5":2,"6":2,"7":2,"8":2,"9":1,"10":1,"11":1,"12":1,"13":1,"14":1,"15":1,"16":1,"17":1,"18":1,"19":1,"20":1,"21":1,"22":1,"23":1,"24":1,"25":1,"26":1,"27":1,"28":1,"29":1,"30":1,"31":1,"32":1,"33":1,"34":1,"35":1,"36":1},"b":{},"f":{},"fnMap":{},"statementMap":{"1":{"start":{"line":2,"column":0},"end":{"line":2,"column":50}},"2":{"start":{"line":3,"column":0},"end":{"line":3,"column":40}},"3":{"start":{"line":6,"column":0},"end":{"line":32,"column":4}},"4":{"start":{"line":8,"column":2},"end":{"line":13,"column":4}},"5":{"start":{"line":9,"column":4},"end":{"line":9,"column":22}},"6":{"start":{"line":10,"column":4},"end":{"line":10,"column":23}},"7":{"start":{"line":11,"column":4},"end":{"line":11,"column":30}},"8":{"start":{"line":12,"column":4},"end":{"line":12,"column":38}},"9":{"start":{"line":15,"column":2},"end":{"line":24,"column":4}},"10":{"start":{"line":17,"column":4},"end":{"line":23,"column":6}},"11":{"start":{"line":18,"column":6},"end":{"line":18,"column":32}},"12":{"start":{"line":19,"column":6},"end":{"line":19,"column":48}},"13":{"start":{"line":20,"column":6},"end":{"line":20,"column":30}},"14":{"start":{"line":21,"column":6},"end":{"line":21,"column":47}},"15":{"start":{"line":22,"column":6},"end":{"line":22,"column":38}},"16":{"start":{"line":25,"column":4},"end":{"line":30,"column":6}},"17":{"start":{"line":26,"column":6},"end":{"line":26,"column":32}},"18":{"start":{"line":27,"column":6},"end":{"line":27,"column":48}},"19":{"start":{"line":28,"column":6},"end":{"line":28,"column":31}},"20":{"start":{"line":29,"column":6},"end":{"line":29,"column":38}},"21":{"start":{"line":33,"column":2},"end":{"line":42,"column":4}},"22":{"start":{"line":34,"column":4},"end":{"line":41,"column":6}},"23":{"start":{"line":35,"column":8},"end":{"line":35,"column":34}},"24":{"start":{"line":36,"column":8},"end":{"line":36,"column":49}},"25":{"start":{"line":37,"column":8},"end":{"line":37,"column":40}},"26":{"start":{"line":38,"column":8},"end":{"line":38,"column":54}},"27":{"start":{"line":39,"column":8},"end":{"line":39,"column":34}},"28":{"start":{"line":40,"column":8},"end":{"line":40,"column":40}},"29":{"start":{"line":43,"column":2},"end":{"line":52,"column":4}},"30":{"start":{"line":44,"column":4},"end":{"line":51,"column":6}},"31":{"start":{"line":45,"column":6},"end":{"line":45,"column":32}},"32":{"start":{"line":46,"column":6},"end":{"line":46,"column":47}},"33":{"start":{"line":47,"column":6},"end":{"line":47,"column":38}},"34":{"start":{"line":48,"column":6},"end":{"line":48,"column":53}},"35":{"start":{"line":49,"column":6},"end":{"line":49,"column":33}},"36":{"start":{"line":50,"column":6},"end":{"line":50,"column":38}}},"branchMap":{}},"/home/cabox/workspace/favourites.js":{"path":"/home/cabox/workspace/favourites.js","s":{"1":1,"2":1,"3":1,"4":0,"5":0,"6":0,"7":0,"8":0,"9":1,"10":2,"11":1,"12":1,"13":1,"14":1,"15":1,"16":1,"17":0,"18":0,"19":1,"20":1,"21":1,"22":0,"23":0},"b":{"1":[0,0],"2":[1,1],"3":[1,0],"4":[1,0]},"f":{"1":0,"2":2,"3":1,"4":1},"fnMap":{"1":{"name":"(anonymous_1)","line":10,"loc":{"start":{"line":10,"column":18},"end":{"line":10,"column":34}}},"2":{"name":"(anonymous_2)","line":17,"loc":{"start":{"line":17,"column":18},"end":{"line":17,"column":33}}},"3":{"name":"(anonymous_3)","line":26,"loc":{"start":{"line":26,"column":21},"end":{"line":26,"column":37}}},"4":{"name":"(anonymous_4)","line":35,"loc":{"start":{"line":35,"column":21},"end":{"line":35,"column":37}}}},"statementMap":{"1":{"start":{"line":5,"column":0},"end":{"line":5,"column":37},"skip":true},"2":{"start":{"line":8,"column":0},"end":{"line":8,"column":18}},"3":{"start":{"line":10,"column":0},"end":{"line":15,"column":1}},"4":{"start":{"line":11,"column":1},"end":{"line":11,"column":34}},"5":{"start":{"line":12,"column":1},"end":{"line":12,"column":35}},"6":{"start":{"line":13,"column":1},"end":{"line":13,"column":34}},"7":{"start":{"line":13,"column":22},"end":{"line":13,"column":34}},"8":{"start":{"line":14,"column":1},"end":{"line":14,"column":12}},"9":{"start":{"line":17,"column":0},"end":{"line":24,"column":1}},"10":{"start":{"line":18,"column":1},"end":{"line":23,"column":2}},"11":{"start":{"line":19,"column":2},"end":{"line":19,"column":14}},"12":{"start":{"line":21,"column":2},"end":{"line":21,"column":36}},"13":{"start":{"line":22,"column":2},"end":{"line":22,"column":13}},"14":{"start":{"line":26,"column":0},"end":{"line":33,"column":1}},"15":{"start":{"line":27,"column":1},"end":{"line":32,"column":2}},"16":{"start":{"line":28,"column":2},"end":{"line":28,"column":14}},"17":{"start":{"line":30,"column":2},"end":{"line":30,"column":35}},"18":{"start":{"line":31,"column":2},"end":{"line":31,"column":13}},"19":{"start":{"line":35,"column":0},"end":{"line":42,"column":1}},"20":{"start":{"line":36,"column":1},"end":{"line":41,"column":2}},"21":{"start":{"line":37,"column":2},"end":{"line":37,"column":14}},"22":{"start":{"line":39,"column":2},"end":{"line":39,"column":35}},"23":{"start":{"line":40,"column":2},"end":{"line":40,"column":14}}},"branchMap":{"1":{"line":13,"type":"if","locations":[{"start":{"line":13,"column":1},"end":{"line":13,"column":1}},{"start":{"line":13,"column":1},"end":{"line":13,"column":1}}]},"2":{"line":18,"type":"if","locations":[{"start":{"line":18,"column":1},"end":{"line":18,"column":1}},{"start":{"line":18,"column":1},"end":{"line":18,"column":1}}]},"3":{"line":27,"type":"if","locations":[{"start":{"line":27,"column":1},"end":{"line":27,"column":1}},{"start":{"line":27,"column":1},"end":{"line":27,"column":1}}]},"4":{"line":36,"type":"if","locations":[{"start":{"line":36,"column":1},"end":{"line":36,"column":1}},{"start":{"line":36,"column":1},"end":{"line":36,"column":1}}]}}}}