TN:
SF:/home/cabox/workspace/favourites-spec.js
FNF:0
FNH:0
DA:2,1
DA:3,1
DA:6,1
DA:8,1
DA:9,2
DA:10,2
DA:11,2
DA:12,2
DA:15,1
DA:17,1
DA:18,1
DA:19,1
DA:20,1
DA:21,1
DA:22,1
DA:25,1
DA:26,1
DA:27,1
DA:28,1
DA:29,1
DA:33,1
DA:34,1
DA:35,1
DA:36,1
DA:37,1
DA:38,1
DA:39,1
DA:40,1
DA:43,1
DA:44,1
DA:45,1
DA:46,1
DA:47,1
DA:48,1
DA:49,1
DA:50,1
LF:36
LH:36
BRF:0
BRH:0
end_of_record
TN:
SF:/home/cabox/workspace/favourites.js
FN:10,(anonymous_1)
FN:17,(anonymous_2)
FN:26,(anonymous_3)
FN:35,(anonymous_4)
FNF:4
FNH:3
FNDA:0,(anonymous_1)
FNDA:2,(anonymous_2)
FNDA:1,(anonymous_3)
FNDA:1,(anonymous_4)
DA:5,1
DA:8,1
DA:10,1
DA:11,0
DA:12,0
DA:13,0
DA:14,0
DA:17,1
DA:18,2
DA:19,1
DA:21,1
DA:22,1
DA:26,1
DA:27,1
DA:28,1
DA:30,0
DA:31,0
DA:35,1
DA:36,1
DA:37,1
DA:39,0
DA:40,0
LF:22
LH:14
BRDA:13,1,0,0
BRDA:13,1,1,0
BRDA:18,2,0,1
BRDA:18,2,1,1
BRDA:27,3,0,1
BRDA:27,3,1,0
BRDA:36,4,0,1
BRDA:36,4,1,0
BRF:8
BRH:4
end_of_record
